<?xml version="1.0" encoding="UTF-8"?>
<!-- Generated by org.testng.reporters.JUnitReportReporter -->
<testsuite hostname="DESKTOP-H5FSTQ6" failures="0" tests="1" name="com.testng.sel.com.testng.AutomaticAnnotations" time="0.006" errors="0" timestamp="2022-05-13T12:47:40 IST" skipped="0">
  <testcase classname="com.testng.sel.com.testng.AutomaticAnnotations" name="hello" time="0.006"/>
  <system-out/>
</testsuite> <!-- com.testng.sel.com.testng.AutomaticAnnotations -->
