<?xml version="1.0" encoding="UTF-8"?>
<!-- Generated by org.testng.reporters.JUnitReportReporter -->
<testsuite hostname="DESKTOP-H5FSTQ6" failures="0" tests="3" name="com.testng.sel.com.testng.NewTestng" time="0.021" errors="0" timestamp="2022-05-13T12:47:40 IST" skipped="0">
  <testcase classname="com.testng.sel.com.testng.NewTestng" name="test1" time="0.009"/>
  <system-out/>
  <testcase classname="com.testng.sel.com.testng.NewTestng" name="test3" time="0.005"/>
  <system-out/>
  <testcase classname="com.testng.sel.com.testng.NewTestng" name="test2" time="0.007"/>
  <system-out/>
</testsuite> <!-- com.testng.sel.com.testng.NewTestng -->
